<?xml version="1.0" encoding="UTF-8"?>
<testng-results ignored="0" total="2" passed="2" failed="0" skipped="0">
  <reporter-output>
  </reporter-output>
  <suite started-at="2023-04-29T12:37:52 IST" name="Default suite" finished-at="2023-04-29T12:37:56 IST" duration-ms="3269">
    <groups>
    </groups>
    <test started-at="2023-04-29T12:37:52 IST" name="Default test" finished-at="2023-04-29T12:37:56 IST" duration-ms="3269">
      <class name="session29.DemoReqestSpec">
        <test-method signature="createUser()[pri:1, instance:session29.DemoReqestSpec@3b6ddd1d]" started-at="2023-04-29T12:37:53 IST" name="createUser" finished-at="2023-04-29T12:37:55 IST" duration-ms="2634" status="PASS">
          <reporter-output>
          </reporter-output>
        </test-method> <!-- createUser -->
        <test-method signature="createUserUsingPOJO()[pri:1, instance:session29.DemoReqestSpec@3b6ddd1d]" started-at="2023-04-29T12:37:55 IST" name="createUserUsingPOJO" finished-at="2023-04-29T12:37:56 IST" duration-ms="584" status="PASS">
          <reporter-output>
          </reporter-output>
        </test-method> <!-- createUserUsingPOJO -->
      </class> <!-- session29.DemoReqestSpec -->
    </test> <!-- Default test -->
  </suite> <!-- Default suite -->
</testng-results>
