<?xml version="1.0" encoding="UTF-8"?>
<!-- Generated by org.testng.reporters.JUnitXMLReporter -->
<testsuite ignored="0" hostname="sujit" failures="2" tests="5" name="Test" time="0.105" errors="0" timestamp="2023-03-15T18:20:10 IST">
  <testcase classname="extentReportPractice.TestCaseExample" name="testMethod1" time="0.012"/>
  <testcase classname="extentReportPractice.TestCaseExample" name="testMethod2" time="0.018">
    <failure type="java.lang.AssertionError" message="expected [true] but found [false]">
      <![CDATA[java.lang.AssertionError: expected [true] but found [false]
at extentReportPractice.TestCaseExample.testMethod2(TestCaseExample.java:21)
at java.base/java.util.ArrayList.forEach(ArrayList.java:1511)
... Removed 31 stack frames]]>
    </failure>
  </testcase> <!-- testMethod2 -->
  <testcase classname="extentReportPractice.TestCaseExample" name="testMethod3" time="0.003">
    <failure type="java.lang.AssertionError" message="expected [true] but found [false]">
      <![CDATA[java.lang.AssertionError: expected [true] but found [false]
at extentReportPractice.TestCaseExample.testMethod3(TestCaseExample.java:27)
at java.base/java.util.ArrayList.forEach(ArrayList.java:1511)
... Removed 31 stack frames]]>
    </failure>
  </testcase> <!-- testMethod3 -->
  <testcase classname="extentReportPractice.TestCaseExample" name="testMethod4" time="0.002"/>
  <testcase classname="extentReportPractice.TestCaseExample" name="testMethod5" time="0.002">
    <skipped/>
  </testcase> <!-- testMethod5 -->
</testsuite> <!-- Test -->
